<?xml version="1.0" encoding="UTF-8"?>
<testsuite name="com.epam.esm.GiftCertificateServiceTest" tests="15" skipped="0" failures="0" errors="0" timestamp="2021-04-06T16:27:01" hostname="DESKTOP-TPCNR8Q" time="3.141">
  <properties/>
  <testcase name="findAllByTagNegative()" classname="com.epam.esm.GiftCertificateServiceTest" time="2.859"/>
  <testcase name="descendingDateSortPositive()" classname="com.epam.esm.GiftCertificateServiceTest" time="0.03"/>
  <testcase name="findByPartOfNamePositive()" classname="com.epam.esm.GiftCertificateServiceTest" time="0.012"/>
  <testcase name="ascendingDateSortPositive()" classname="com.epam.esm.GiftCertificateServiceTest" time="0.021"/>
  <testcase name="findByNamePositive()" classname="com.epam.esm.GiftCertificateServiceTest" time="0.011"/>
  <testcase name="findByPartOfNameNegative()" classname="com.epam.esm.GiftCertificateServiceTest" time="0.008"/>
  <testcase name="findByNameNegative()" classname="com.epam.esm.GiftCertificateServiceTest" time="0.011"/>
  <testcase name="findByIdPositive()" classname="com.epam.esm.GiftCertificateServiceTest" time="0.008"/>
  <testcase name="findByPartOfDescriptionPositive()" classname="com.epam.esm.GiftCertificateServiceTest" time="0.01"/>
  <testcase name="findByIdNegative()" classname="com.epam.esm.GiftCertificateServiceTest" time="0.01"/>
  <testcase name="findByPartOfDescriptionNegative()" classname="com.epam.esm.GiftCertificateServiceTest" time="0.023"/>
  <testcase name="descendingNameSortPositive()" classname="com.epam.esm.GiftCertificateServiceTest" time="0.018"/>
  <testcase name="findCertificateTagsPositive()" classname="com.epam.esm.GiftCertificateServiceTest" time="0.018"/>
  <testcase name="findAllByTagPositive()" classname="com.epam.esm.GiftCertificateServiceTest" time="0.01"/>
  <testcase name="ascendingNameSortPositive()" classname="com.epam.esm.GiftCertificateServiceTest" time="0.016"/>
  <system-out><![CDATA[]]></system-out>
  <system-err><![CDATA[]]></system-err>
</testsuite>
