<?xml version="1.0" encoding="UTF-8"?>
<testsuite name="com.epam.esm.CertificateTagsServiceTest" tests="1" skipped="0" failures="0" errors="0" timestamp="2021-04-07T07:43:56" hostname="DESKTOP-TPCNR8Q" time="0.678">
  <properties/>
  <testcase name="findByBothIdNegative()" classname="com.epam.esm.CertificateTagsServiceTest" time="0.678"/>
  <system-out><![CDATA[]]></system-out>
  <system-err><![CDATA[]]></system-err>
</testsuite>
