<?xml version="1.0" encoding="UTF-8"?>
<testsuite name="com.epam.esm.TagServiceTest" tests="1" skipped="0" failures="0" errors="0" timestamp="2021-04-06T11:33:00" hostname="DESKTOP-TPCNR8Q" time="0.877">
  <properties/>
  <testcase name="findByIdPositiveTest()" classname="com.epam.esm.TagServiceTest" time="0.877"/>
  <system-out><![CDATA[]]></system-out>
  <system-err><![CDATA[]]></system-err>
</testsuite>
