<?xml version="1.0" encoding="UTF-8"?>
<testsuite name="com.epam.esm.GiftCertificateServiceImplTest" tests="15" skipped="0" failures="0" errors="0" timestamp="2021-04-15T10:55:19" hostname="DESKTOP-TPCNR8Q" time="0.983">
  <properties/>
  <testcase name="findAllByTagNegative()" classname="com.epam.esm.GiftCertificateServiceImplTest" time="0.802"/>
  <testcase name="descendingDateSortPositive()" classname="com.epam.esm.GiftCertificateServiceImplTest" time="0.015"/>
  <testcase name="findByPartOfNamePositive()" classname="com.epam.esm.GiftCertificateServiceImplTest" time="0.013"/>
  <testcase name="ascendingDateSortPositive()" classname="com.epam.esm.GiftCertificateServiceImplTest" time="0.009"/>
  <testcase name="findByNamePositive()" classname="com.epam.esm.GiftCertificateServiceImplTest" time="0.005"/>
  <testcase name="findByPartOfNameNegative()" classname="com.epam.esm.GiftCertificateServiceImplTest" time="0.005"/>
  <testcase name="findByNameNegative()" classname="com.epam.esm.GiftCertificateServiceImplTest" time="0.006"/>
  <testcase name="findByIdPositive()" classname="com.epam.esm.GiftCertificateServiceImplTest" time="0.003"/>
  <testcase name="findByPartOfDescriptionPositive()" classname="com.epam.esm.GiftCertificateServiceImplTest" time="0.018"/>
  <testcase name="findByIdNegative()" classname="com.epam.esm.GiftCertificateServiceImplTest" time="0.012"/>
  <testcase name="findByPartOfDescriptionNegative()" classname="com.epam.esm.GiftCertificateServiceImplTest" time="0.012"/>
  <testcase name="descendingNameSortPositive()" classname="com.epam.esm.GiftCertificateServiceImplTest" time="0.007"/>
  <testcase name="findCertificateTagsPositive()" classname="com.epam.esm.GiftCertificateServiceImplTest" time="0.005"/>
  <testcase name="findAllByTagPositive()" classname="com.epam.esm.GiftCertificateServiceImplTest" time="0.005"/>
  <testcase name="ascendingNameSortPositive()" classname="com.epam.esm.GiftCertificateServiceImplTest" time="0.01"/>
  <system-out><![CDATA[]]></system-out>
  <system-err><![CDATA[]]></system-err>
</testsuite>
