<?xml version="1.0" encoding="UTF-8"?>
<testsuite name="com.epam.esm.GiftCertificateServiceImplTest" tests="12" skipped="0" failures="0" errors="0" timestamp="2021-04-21T15:37:58" hostname="DESKTOP-TPCNR8Q" time="0.951">
  <properties/>
  <testcase name="findAllByTagNegative()" classname="com.epam.esm.GiftCertificateServiceImplTest" time="0.813"/>
  <testcase name="descendingDateSortPositive()" classname="com.epam.esm.GiftCertificateServiceImplTest" time="0.011"/>
  <testcase name="findByPartOfNamePositive()" classname="com.epam.esm.GiftCertificateServiceImplTest" time="0.006"/>
  <testcase name="ascendingDateSortPositive()" classname="com.epam.esm.GiftCertificateServiceImplTest" time="0.018"/>
  <testcase name="findByPartOfNameNegative()" classname="com.epam.esm.GiftCertificateServiceImplTest" time="0.013"/>
  <testcase name="findByIdPositive()" classname="com.epam.esm.GiftCertificateServiceImplTest" time="0.006"/>
  <testcase name="findByPartOfDescriptionPositive()" classname="com.epam.esm.GiftCertificateServiceImplTest" time="0.011"/>
  <testcase name="findByIdNegative()" classname="com.epam.esm.GiftCertificateServiceImplTest" time="0.005"/>
  <testcase name="findByPartOfDescriptionNegative()" classname="com.epam.esm.GiftCertificateServiceImplTest" time="0.005"/>
  <testcase name="descendingNameSortPositive()" classname="com.epam.esm.GiftCertificateServiceImplTest" time="0.005"/>
  <testcase name="findAllByTagPositive()" classname="com.epam.esm.GiftCertificateServiceImplTest" time="0.013"/>
  <testcase name="ascendingNameSortPositive()" classname="com.epam.esm.GiftCertificateServiceImplTest" time="0.013"/>
  <system-out><![CDATA[]]></system-out>
  <system-err><![CDATA[]]></system-err>
</testsuite>
