<?xml version="1.0" encoding="UTF-8"?>
<testsuite name="com.epam.esm.dao.GiftCertificateDaoImplTest" tests="9" skipped="0" failures="0" errors="0" timestamp="2021-04-15T10:52:11" hostname="DESKTOP-TPCNR8Q" time="0.273">
  <properties/>
  <testcase name="saveTest()" classname="com.epam.esm.dao.GiftCertificateDaoImplTest" time="0.097"/>
  <testcase name="findByTagIdTest()" classname="com.epam.esm.dao.GiftCertificateDaoImplTest" time="0.025"/>
  <testcase name="findByPartNameTest()" classname="com.epam.esm.dao.GiftCertificateDaoImplTest" time="0.032"/>
  <testcase name="findByNameTest()" classname="com.epam.esm.dao.GiftCertificateDaoImplTest" time="0.021"/>
  <testcase name="updateTest()" classname="com.epam.esm.dao.GiftCertificateDaoImplTest" time="0.018"/>
  <testcase name="findAllTest()" classname="com.epam.esm.dao.GiftCertificateDaoImplTest" time="0.007"/>
  <testcase name="findByPartDescriptionTest()" classname="com.epam.esm.dao.GiftCertificateDaoImplTest" time="0.011"/>
  <testcase name="findByIdTest()" classname="com.epam.esm.dao.GiftCertificateDaoImplTest" time="0.007"/>
  <testcase name="deleteTest()" classname="com.epam.esm.dao.GiftCertificateDaoImplTest" time="0.009"/>
  <system-out><![CDATA[]]></system-out>
  <system-err><![CDATA[SLF4J: Failed to load class "org.slf4j.impl.StaticLoggerBinder".
SLF4J: Defaulting to no-operation (NOP) logger implementation
SLF4J: See http://www.slf4j.org/codes.html#StaticLoggerBinder for further details.
]]></system-err>
</testsuite>
