<?xml version="1.0" encoding="UTF-8"?>
<testsuite name="com.epam.esm.dao.GiftCertificateDaoTest" tests="9" skipped="0" failures="0" errors="0" timestamp="2021-04-07T16:16:37" hostname="DESKTOP-TPCNR8Q" time="0.254">
  <properties/>
  <testcase name="saveTest()" classname="com.epam.esm.dao.GiftCertificateDaoTest" time="0.142"/>
  <testcase name="findByTagIdTest()" classname="com.epam.esm.dao.GiftCertificateDaoTest" time="0.02"/>
  <testcase name="findByPartNameTest()" classname="com.epam.esm.dao.GiftCertificateDaoTest" time="0.008"/>
  <testcase name="findByNameTest()" classname="com.epam.esm.dao.GiftCertificateDaoTest" time="0.007"/>
  <testcase name="updateTest()" classname="com.epam.esm.dao.GiftCertificateDaoTest" time="0.015"/>
  <testcase name="findAllTest()" classname="com.epam.esm.dao.GiftCertificateDaoTest" time="0.006"/>
  <testcase name="findByPartDescriptionTest()" classname="com.epam.esm.dao.GiftCertificateDaoTest" time="0.005"/>
  <testcase name="findByIdTest()" classname="com.epam.esm.dao.GiftCertificateDaoTest" time="0.003"/>
  <testcase name="deleteTest()" classname="com.epam.esm.dao.GiftCertificateDaoTest" time="0.028"/>
  <system-out><![CDATA[]]></system-out>
  <system-err><![CDATA[SLF4J: Failed to load class "org.slf4j.impl.StaticLoggerBinder".
SLF4J: Defaulting to no-operation (NOP) logger implementation
SLF4J: See http://www.slf4j.org/codes.html#StaticLoggerBinder for further details.
]]></system-err>
</testsuite>
